
> eugenia-frontend@0.1.0 start
> react-scripts start

(node:9480) [DEP_WEBPACK_DEV_SERVER_ON_AFTER_SETUP_MIDDLEWARE] DeprecationWarning: 'onAfterSetupMiddleware' option is deprecated. Please use the 'setupMiddlewares' option.
(Use `node --trace-deprecation ...` to show where the warning was created)
(node:9480) [DEP_WEBPACK_DEV_SERVER_ON_BEFORE_SETUP_MIDDLEWARE] DeprecationWarning: 'onBeforeSetupMiddleware' option is deprecated. Please use the 'setupMiddlewares' option.
Starting the development server...

Compiled with warnings.

[eslint] 
src/App.js
  Line 5:40:   'RefreshCw' is defined but never used                 no-unused-vars
  Line 5:51:   'PlusCircle' is defined but never used                no-unused-vars
  Line 5:63:   'UserCheck' is defined but never used                 no-unused-vars
  Line 198:9:  'processNewLeads' is assigned a value but never used  no-unused-vars

src/components/LeadItem.js
  Line 3:48:  'Trash2' is defined but never used  no-unused-vars

src/components/LeadManagementView.js
  Line 3:3:   'Bot' is defined but never used    no-unused-vars
  Line 3:20:  'Copy' is defined but never used   no-unused-vars
  Line 3:26:  'Check' is defined but never used  no-unused-vars

src/components/SelectedLeadDetails.js
  Line 3:37:  'Trash2' is defined but never used  no-unused-vars

Search for the keywords to learn more about each warning.
To ignore, add // eslint-disable-next-line to the line before.

WARNING in [eslint] 
src/App.js
  Line 5:40:   'RefreshCw' is defined but never used                 no-unused-vars
  Line 5:51:   'PlusCircle' is defined but never used                no-unused-vars
  Line 5:63:   'UserCheck' is defined but never used                 no-unused-vars
  Line 198:9:  'processNewLeads' is assigned a value but never used  no-unused-vars

src/components/LeadItem.js
  Line 3:48:  'Trash2' is defined but never used  no-unused-vars

src/components/LeadManagementView.js
  Line 3:3:   'Bot' is defined but never used    no-unused-vars
  Line 3:20:  'Copy' is defined but never used   no-unused-vars
  Line 3:26:  'Check' is defined but never used  no-unused-vars

src/components/SelectedLeadDetails.js
  Line 3:37:  'Trash2' is defined but never used  no-unused-vars

webpack compiled with 1 warning
Compiling...
Compiled with warnings.

[eslint] 
src/App.js
  Line 5:40:   'RefreshCw' is defined but never used                 no-unused-vars
  Line 5:51:   'PlusCircle' is defined but never used                no-unused-vars
  Line 5:63:   'UserCheck' is defined but never used                 no-unused-vars
  Line 198:9:  'processNewLeads' is assigned a value but never used  no-unused-vars

src/components/LeadItem.js
  Line 3:48:  'Trash2' is defined but never used  no-unused-vars

src/components/LeadManagementView.js
  Line 3:3:   'Bot' is defined but never used    no-unused-vars
  Line 3:20:  'Copy' is defined but never used   no-unused-vars
  Line 3:26:  'Check' is defined but never used  no-unused-vars

src/components/SelectedLeadDetails.js
  Line 3:37:  'Trash2' is defined but never used  no-unused-vars

Search for the keywords to learn more about each warning.
To ignore, add // eslint-disable-next-line to the line before.

WARNING in [eslint] 
src/App.js
  Line 5:40:   'RefreshCw' is defined but never used                 no-unused-vars
  Line 5:51:   'PlusCircle' is defined but never used                no-unused-vars
  Line 5:63:   'UserCheck' is defined but never used                 no-unused-vars
  Line 198:9:  'processNewLeads' is assigned a value but never used  no-unused-vars

src/components/LeadItem.js
  Line 3:48:  'Trash2' is defined but never used  no-unused-vars

src/components/LeadManagementView.js
  Line 3:3:   'Bot' is defined but never used    no-unused-vars
  Line 3:20:  'Copy' is defined but never used   no-unused-vars
  Line 3:26:  'Check' is defined but never used  no-unused-vars

src/components/SelectedLeadDetails.js
  Line 3:37:  'Trash2' is defined but never used  no-unused-vars

webpack compiled with 1 warning
Compiling...
Compiled with warnings.

[eslint] 
src/App.js
  Line 5:40:   'RefreshCw' is defined but never used                 no-unused-vars
  Line 5:51:   'PlusCircle' is defined but never used                no-unused-vars
  Line 5:63:   'UserCheck' is defined but never used                 no-unused-vars
  Line 198:9:  'processNewLeads' is assigned a value but never used  no-unused-vars

src/components/LeadItem.js
  Line 3:48:  'Trash2' is defined but never used  no-unused-vars

src/components/LeadManagementView.js
  Line 3:3:   'Bot' is defined but never used    no-unused-vars
  Line 3:20:  'Copy' is defined but never used   no-unused-vars
  Line 3:26:  'Check' is defined but never used  no-unused-vars

src/components/SelectedLeadDetails.js
  Line 3:37:  'Trash2' is defined but never used  no-unused-vars

Search for the keywords to learn more about each warning.
To ignore, add // eslint-disable-next-line to the line before.

WARNING in [eslint] 
src/App.js
  Line 5:40:   'RefreshCw' is defined but never used                 no-unused-vars
  Line 5:51:   'PlusCircle' is defined but never used                no-unused-vars
  Line 5:63:   'UserCheck' is defined but never used                 no-unused-vars
  Line 198:9:  'processNewLeads' is assigned a value but never used  no-unused-vars

src/components/LeadItem.js
  Line 3:48:  'Trash2' is defined but never used  no-unused-vars

src/components/LeadManagementView.js
  Line 3:3:   'Bot' is defined but never used    no-unused-vars
  Line 3:20:  'Copy' is defined but never used   no-unused-vars
  Line 3:26:  'Check' is defined but never used  no-unused-vars

src/components/SelectedLeadDetails.js
  Line 3:37:  'Trash2' is defined but never used  no-unused-vars

webpack compiled with 1 warning
